<?xml version="1.0" encoding="UTF-8"?>
<!-- Generated by org.testng.reporters.JUnitReportReporter -->
<testsuite skipped="0" hostname="DESKTOP-Q8RNTEC" name="BrowserStackSampleTest" tests="4" failures="0" timestamp="03 Jul 2020 19:09:38 GMT" time="80.000" errors="0">
  <testcase name="myTest" time="22.945" classname="BrowserStackSampleTest"/>
  <testcase name="myTest" time="34.719" classname="BrowserStackSampleTest"/>
  <testcase name="myTest" time="10.275" classname="BrowserStackSampleTest"/>
  <testcase name="myTest" time="12.061" classname="BrowserStackSampleTest"/>
</testsuite> <!-- BrowserStackSampleTest -->
