<?xml version="1.0" encoding="UTF-8"?>
<!-- Generated by org.testng.reporters.JUnitReportReporter -->
<testsuite skipped="0" hostname="DESKTOP-Q8RNTEC" name="TempTest" tests="4" failures="0" timestamp="08 Jul 2020 09:26:43 GMT" time="95.084" errors="0">
  <testcase name="tempmethode" time="22.501" classname="TempTest"/>
  <testcase name="tempmethode" time="22.249" classname="TempTest"/>
  <testcase name="tempmethode" time="31.709" classname="TempTest"/>
  <testcase name="tempmethode" time="18.625" classname="TempTest"/>
</testsuite> <!-- TempTest -->
